ARM GAS  C:\Users\Andreas\AppData\Local\Temp\ccPzs5KQ.s 			page 1


   1              		.syntax unified
   2              		.cpu cortex-m3
   3              		.fpu softvfp
   4              		.eabi_attribute 20, 1
   5              		.eabi_attribute 21, 1
   6              		.eabi_attribute 23, 3
   7              		.eabi_attribute 24, 1
   8              		.eabi_attribute 25, 1
   9              		.eabi_attribute 26, 1
  10              		.eabi_attribute 30, 1
  11              		.eabi_attribute 34, 1
  12              		.eabi_attribute 18, 4
  13              		.thumb
  14              		.syntax unified
  15              		.file	"main.c"
  16              		.text
  17              	.Ltext0:
  18              		.cfi_sections	.debug_frame
  19              		.section	.text.initI2C,"ax",%progbits
  20              		.align	2
  21              		.global	initI2C
  22              		.thumb
  23              		.thumb_func
  24              		.type	initI2C, %function
  25              	initI2C:
  26              	.LFB64:
  27              		.file 1 "main.c"
   1:main.c        **** /* ========================================
   2:main.c        ****  *
   3:main.c        ****  * Copyright YOUR COMPANY, THE YEAR
   4:main.c        ****  * All Rights Reserved
   5:main.c        ****  * UNPUBLISHED, LICENSED SOFTWARE.
   6:main.c        ****  *
   7:main.c        ****  * CONFIDENTIAL AD PROPRIETARY INFORMATION
   8:main.c        ****  * WHICH IS THE PROPERTY OF your company.
   9:main.c        ****  *
  10:main.c        ****  * ========================================
  11:main.c        **** */
  12:main.c        **** #include "project.h"
  13:main.c        **** 
  14:main.c        **** void initI2C(void);
  15:main.c        **** void udrulning(void);
  16:main.c        **** 
  17:main.c        **** /*! \mainpage Snor Maskine
  18:main.c        ****  *
  19:main.c        ****  * This project helps user to draw shapes.
  20:main.c        ****  * Currently two types of shapes can be drawn:
  21:main.c        ****  * - \subpage Snor "Main fra snorhåndtering PSoC"
  22:main.c        ****  *
  23:main.c        ****  * - \subpage Dosering "Main fra dosering PSoC"
  24:main.c        ****  *
  25:main.c        ****  */ 
  26:main.c        **** 
  27:main.c        **** /*! \page Snor Main fra snorhåndtering PSoC
  28:main.c        ****  *
  29:main.c        ****  * så bobbe det virker
  30:main.c        ****  * \include <main.c
ARM GAS  C:\Users\Andreas\AppData\Local\Temp\ccPzs5KQ.s 			page 2


  31:main.c        ****  *
  32:main.c        ****  */
  33:main.c        **** 
  34:main.c        **** /*! \page Dosering Main fra dosering PSoC
  35:main.c        ****  *
  36:main.c        ****  *
  37:main.c        ****  * \include <Doserings_main
  38:main.c        ****  */
  39:main.c        **** 
  40:main.c        **** 
  41:main.c        **** 
  42:main.c        **** /*!
  43:main.c        **** *Decleration of the buffer size which is used in thee function void initI2C(void). It is written as
  44:main.c        **** */
  45:main.c        **** int BUFFER_SIZE = 6;
  46:main.c        **** 
  47:main.c        **** /*!
  48:main.c        **** *Here is the buffer set, it is the one that initI2C(void) uses. It is preset to have six spots of 0
  49:main.c        **** */
  50:main.c        **** uint8 buffer[]= {0,0,0,0,0,0};
  51:main.c        **** 
  52:main.c        **** /*!
  53:main.c        **** *   In main the program is put together in the start the function initI2C() is called.
  54:main.c        **** *   After that there is an infinity for loop wich runs the udrulning() function.
  55:main.c        **** */
  56:main.c        **** int main(void)
  57:main.c        **** {
  58:main.c        ****     CyGlobalIntEnable; /* Enable global interrupts. */
  59:main.c        ****     
  60:main.c        ****     initI2C();
  61:main.c        ****     
  62:main.c        ****     for(;;)
  63:main.c        ****     {
  64:main.c        ****         udrulning();
  65:main.c        ****     }
  66:main.c        **** }
  67:main.c        **** 
  68:main.c        **** /*!
  69:main.c        **** *
  70:main.c        **** *To init the I2C function, firstly we start the I2C that we placed in the topdesign.
  71:main.c        **** *Secondly the I2C Write Buf is initialized, this is the buf that the master writes too. It is the p
  72:main.c        **** *The last line do clear the buffer, the PSoC can have problems with it's topdesigns if you dont cle
  73:main.c        **** */
  74:main.c        **** void initI2C(void)
  75:main.c        **** {
  28              		.loc 1 75 0
  29              		.cfi_startproc
  30              		@ args = 0, pretend = 0, frame = 0
  31              		@ frame_needed = 0, uses_anonymous_args = 0
  32 0000 08B5     		push	{r3, lr}
  33              		.cfi_def_cfa_offset 8
  34              		.cfi_offset 3, -8
  35              		.cfi_offset 14, -4
  76:main.c        ****     I2C_1_Start();
  36              		.loc 1 76 0
  37 0002 FFF7FEFF 		bl	I2C_1_Start
  38              	.LVL0:
ARM GAS  C:\Users\Andreas\AppData\Local\Temp\ccPzs5KQ.s 			page 3


  77:main.c        ****     uint8 *buf = &buffer[0];
  78:main.c        ****     I2C_1_SlaveInitWriteBuf(buf, BUFFER_SIZE);
  39              		.loc 1 78 0
  40 0006 044B     		ldr	r3, .L3
  41 0008 1978     		ldrb	r1, [r3]	@ zero_extendqisi2
  42 000a 0448     		ldr	r0, .L3+4
  43 000c FFF7FEFF 		bl	I2C_1_SlaveInitWriteBuf
  44              	.LVL1:
  79:main.c        ****     I2C_1_SlaveClearWriteBuf();
  45              		.loc 1 79 0
  46 0010 FFF7FEFF 		bl	I2C_1_SlaveClearWriteBuf
  47              	.LVL2:
  48 0014 08BD     		pop	{r3, pc}
  49              	.L4:
  50 0016 00BF     		.align	2
  51              	.L3:
  52 0018 00000000 		.word	.LANCHOR0
  53 001c 00000000 		.word	.LANCHOR1
  54              		.cfi_endproc
  55              	.LFE64:
  56              		.size	initI2C, .-initI2C
  57              		.section	.text.udrulning,"ax",%progbits
  58              		.align	2
  59              		.global	udrulning
  60              		.thumb
  61              		.thumb_func
  62              		.type	udrulning, %function
  63              	udrulning:
  64              	.LFB65:
  80:main.c        **** }
  81:main.c        **** 
  82:main.c        **** /*!
  83:main.c        **** *  This function will first tjek on the write slave flag, if it is low nothing will happen but the 
  84:main.c        **** *  To turn on the motor the PWM in the topdesign will be used. When the motor is done running, the 
  85:main.c        **** */
  86:main.c        **** void udrulning(void)
  87:main.c        **** {
  65              		.loc 1 87 0
  66              		.cfi_startproc
  67              		@ args = 0, pretend = 0, frame = 0
  68              		@ frame_needed = 0, uses_anonymous_args = 0
  69 0000 10B5     		push	{r4, lr}
  70              		.cfi_def_cfa_offset 8
  71              		.cfi_offset 4, -8
  72              		.cfi_offset 14, -4
  88:main.c        ****     
  89:main.c        ****     if(I2C_1_SlaveStatus() & I2C_1_SSTAT_WR_CMPLT)
  73              		.loc 1 89 0
  74 0002 FFF7FEFF 		bl	I2C_1_SlaveStatus
  75              	.LVL3:
  76 0006 10F0100F 		tst	r0, #16
  77 000a 0BD1     		bne	.L9
  78 000c 10BD     		pop	{r4, pc}
  79              	.LVL4:
  80              	.L8:
  81              	.LBB2:
  90:main.c        ****         {
ARM GAS  C:\Users\Andreas\AppData\Local\Temp\ccPzs5KQ.s 			page 4


  91:main.c        ****             uint8 i = 0;
  92:main.c        ****             for(i = 0;i < buffer[0];++i)
  93:main.c        ****             {
  94:main.c        ****                 PWM_1_Start();
  82              		.loc 1 94 0 discriminator 3
  83 000e FFF7FEFF 		bl	PWM_1_Start
  84              	.LVL5:
  95:main.c        ****                 CyDelay(5000);
  85              		.loc 1 95 0 discriminator 3
  86 0012 41F28830 		movw	r0, #5000
  87 0016 FFF7FEFF 		bl	CyDelay
  88              	.LVL6:
  96:main.c        ****                 PWM_1_Stop();
  89              		.loc 1 96 0 discriminator 3
  90 001a FFF7FEFF 		bl	PWM_1_Stop
  91              	.LVL7:
  92:main.c        ****             {
  92              		.loc 1 92 0 discriminator 3
  93 001e 0134     		adds	r4, r4, #1
  94              	.LVL8:
  95 0020 E4B2     		uxtb	r4, r4
  96              	.LVL9:
  97 0022 00E0     		b	.L6
  98              	.LVL10:
  99              	.L9:
 100              	.LBE2:
 101 0024 0024     		movs	r4, #0
 102              	.L6:
 103              	.LVL11:
 104              	.LBB3:
  92:main.c        ****             {
 105              		.loc 1 92 0 is_stmt 0 discriminator 1
 106 0026 044B     		ldr	r3, .L11
 107 0028 1B78     		ldrb	r3, [r3]	@ zero_extendqisi2
 108 002a 9C42     		cmp	r4, r3
 109 002c EFD3     		bcc	.L8
  97:main.c        ****             }
  98:main.c        ****             I2C_1_SlaveClearWriteBuf();
 110              		.loc 1 98 0 is_stmt 1
 111 002e FFF7FEFF 		bl	I2C_1_SlaveClearWriteBuf
 112              	.LVL12:
  99:main.c        ****             I2C_1_SlaveClearWriteStatus();
 113              		.loc 1 99 0
 114 0032 FFF7FEFF 		bl	I2C_1_SlaveClearWriteStatus
 115              	.LVL13:
 116 0036 10BD     		pop	{r4, pc}
 117              	.LVL14:
 118              	.L12:
 119              		.align	2
 120              	.L11:
 121 0038 00000000 		.word	.LANCHOR1
 122              	.LBE3:
 123              		.cfi_endproc
 124              	.LFE65:
 125              		.size	udrulning, .-udrulning
 126              		.section	.text.main,"ax",%progbits
 127              		.align	2
ARM GAS  C:\Users\Andreas\AppData\Local\Temp\ccPzs5KQ.s 			page 5


 128              		.global	main
 129              		.thumb
 130              		.thumb_func
 131              		.type	main, %function
 132              	main:
 133              	.LFB63:
  57:main.c        ****     CyGlobalIntEnable; /* Enable global interrupts. */
 134              		.loc 1 57 0
 135              		.cfi_startproc
 136              		@ Volatile: function does not return.
 137              		@ args = 0, pretend = 0, frame = 0
 138              		@ frame_needed = 0, uses_anonymous_args = 0
 139 0000 08B5     		push	{r3, lr}
 140              		.cfi_def_cfa_offset 8
 141              		.cfi_offset 3, -8
 142              		.cfi_offset 14, -4
  58:main.c        ****     
 143              		.loc 1 58 0
 144              		.syntax unified
 145              	@ 58 "main.c" 1
 146 0002 62B6     		CPSIE   i
 147              	@ 0 "" 2
  60:main.c        ****     
 148              		.loc 1 60 0
 149              		.thumb
 150              		.syntax unified
 151 0004 FFF7FEFF 		bl	initI2C
 152              	.LVL15:
 153              	.L14:
  64:main.c        ****     }
 154              		.loc 1 64 0 discriminator 1
 155 0008 FFF7FEFF 		bl	udrulning
 156              	.LVL16:
 157 000c FCE7     		b	.L14
 158              		.cfi_endproc
 159              	.LFE63:
 160              		.size	main, .-main
 161              		.global	buffer
 162              		.global	BUFFER_SIZE
 163 000e 00BF     		.data
 164              		.align	2
 165              		.set	.LANCHOR0,. + 0
 166              		.type	BUFFER_SIZE, %object
 167              		.size	BUFFER_SIZE, 4
 168              	BUFFER_SIZE:
 169 0000 06000000 		.word	6
 170              		.bss
 171              		.align	2
 172              		.set	.LANCHOR1,. + 0
 173              		.type	buffer, %object
 174              		.size	buffer, 6
 175              	buffer:
 176 0000 00000000 		.space	6
 176      0000
 177              		.text
 178              	.Letext0:
 179              		.file 2 "c:\\program files (x86)\\cypress\\psoc creator\\4.2\\psoc creator\\import\\gnu\\arm\\5.4.
ARM GAS  C:\Users\Andreas\AppData\Local\Temp\ccPzs5KQ.s 			page 6


 180              		.file 3 "c:\\program files (x86)\\cypress\\psoc creator\\4.2\\psoc creator\\import\\gnu\\arm\\5.4.
 181              		.file 4 "Generated_Source\\PSoC5/cytypes.h"
 182              		.file 5 "Generated_Source\\PSoC5/core_cm3.h"
 183              		.file 6 "Generated_Source\\PSoC5/I2C_1.h"
 184              		.file 7 "Generated_Source\\PSoC5/PWM_1.h"
 185              		.file 8 "Generated_Source\\PSoC5/CyLib.h"
 186              		.section	.debug_info,"",%progbits
 187              	.Ldebug_info0:
 188 0000 3A020000 		.4byte	0x23a
 189 0004 0400     		.2byte	0x4
 190 0006 00000000 		.4byte	.Ldebug_abbrev0
 191 000a 04       		.byte	0x4
 192 000b 01       		.uleb128 0x1
 193 000c 8E000000 		.4byte	.LASF30
 194 0010 0C       		.byte	0xc
 195 0011 B6010000 		.4byte	.LASF31
 196 0015 C2010000 		.4byte	.LASF32
 197 0019 18000000 		.4byte	.Ldebug_ranges0+0x18
 198 001d 00000000 		.4byte	0
 199 0021 00000000 		.4byte	.Ldebug_line0
 200 0025 02       		.uleb128 0x2
 201 0026 01       		.byte	0x1
 202 0027 06       		.byte	0x6
 203 0028 98020000 		.4byte	.LASF0
 204 002c 02       		.uleb128 0x2
 205 002d 01       		.byte	0x1
 206 002e 08       		.byte	0x8
 207 002f 80000000 		.4byte	.LASF1
 208 0033 02       		.uleb128 0x2
 209 0034 02       		.byte	0x2
 210 0035 05       		.byte	0x5
 211 0036 61020000 		.4byte	.LASF2
 212 003a 02       		.uleb128 0x2
 213 003b 02       		.byte	0x2
 214 003c 07       		.byte	0x7
 215 003d 3F000000 		.4byte	.LASF3
 216 0041 03       		.uleb128 0x3
 217 0042 2B000000 		.4byte	.LASF9
 218 0046 02       		.byte	0x2
 219 0047 3F       		.byte	0x3f
 220 0048 4C000000 		.4byte	0x4c
 221 004c 02       		.uleb128 0x2
 222 004d 04       		.byte	0x4
 223 004e 05       		.byte	0x5
 224 004f 83020000 		.4byte	.LASF4
 225 0053 02       		.uleb128 0x2
 226 0054 04       		.byte	0x4
 227 0055 07       		.byte	0x7
 228 0056 1C010000 		.4byte	.LASF5
 229 005a 02       		.uleb128 0x2
 230 005b 08       		.byte	0x8
 231 005c 05       		.byte	0x5
 232 005d A8010000 		.4byte	.LASF6
 233 0061 02       		.uleb128 0x2
 234 0062 08       		.byte	0x8
 235 0063 07       		.byte	0x7
 236 0064 78010000 		.4byte	.LASF7
ARM GAS  C:\Users\Andreas\AppData\Local\Temp\ccPzs5KQ.s 			page 7


 237 0068 04       		.uleb128 0x4
 238 0069 04       		.byte	0x4
 239 006a 05       		.byte	0x5
 240 006b 696E7400 		.ascii	"int\000"
 241 006f 02       		.uleb128 0x2
 242 0070 04       		.byte	0x4
 243 0071 07       		.byte	0x7
 244 0072 6B010000 		.4byte	.LASF8
 245 0076 03       		.uleb128 0x3
 246 0077 97010000 		.4byte	.LASF10
 247 007b 03       		.byte	0x3
 248 007c 2C       		.byte	0x2c
 249 007d 41000000 		.4byte	0x41
 250 0081 05       		.uleb128 0x5
 251 0082 72020000 		.4byte	.LASF11
 252 0086 04       		.byte	0x4
 253 0087 E401     		.2byte	0x1e4
 254 0089 2C000000 		.4byte	0x2c
 255 008d 02       		.uleb128 0x2
 256 008e 04       		.byte	0x4
 257 008f 04       		.byte	0x4
 258 0090 7A000000 		.4byte	.LASF12
 259 0094 02       		.uleb128 0x2
 260 0095 08       		.byte	0x8
 261 0096 04       		.byte	0x4
 262 0097 52010000 		.4byte	.LASF13
 263 009b 02       		.uleb128 0x2
 264 009c 01       		.byte	0x1
 265 009d 08       		.byte	0x8
 266 009e BD010000 		.4byte	.LASF14
 267 00a2 02       		.uleb128 0x2
 268 00a3 08       		.byte	0x8
 269 00a4 04       		.byte	0x4
 270 00a5 8C020000 		.4byte	.LASF15
 271 00a9 02       		.uleb128 0x2
 272 00aa 04       		.byte	0x4
 273 00ab 07       		.byte	0x7
 274 00ac 9F010000 		.4byte	.LASF16
 275 00b0 06       		.uleb128 0x6
 276 00b1 8F010000 		.4byte	.LASF17
 277 00b5 01       		.byte	0x1
 278 00b6 4A       		.byte	0x4a
 279 00b7 00000000 		.4byte	.LFB64
 280 00bb 20000000 		.4byte	.LFE64-.LFB64
 281 00bf 01       		.uleb128 0x1
 282 00c0 9C       		.byte	0x9c
 283 00c1 01010000 		.4byte	0x101
 284 00c5 07       		.uleb128 0x7
 285 00c6 62756600 		.ascii	"buf\000"
 286 00ca 01       		.byte	0x1
 287 00cb 4D       		.byte	0x4d
 288 00cc 01010000 		.4byte	0x101
 289 00d0 06       		.uleb128 0x6
 290 00d1 03       		.byte	0x3
 291 00d2 00000000 		.4byte	buffer
 292 00d6 9F       		.byte	0x9f
 293 00d7 08       		.uleb128 0x8
ARM GAS  C:\Users\Andreas\AppData\Local\Temp\ccPzs5KQ.s 			page 8


 294 00d8 06000000 		.4byte	.LVL0
 295 00dc E5010000 		.4byte	0x1e5
 296 00e0 09       		.uleb128 0x9
 297 00e1 10000000 		.4byte	.LVL1
 298 00e5 F0010000 		.4byte	0x1f0
 299 00e9 F7000000 		.4byte	0xf7
 300 00ed 0A       		.uleb128 0xa
 301 00ee 01       		.uleb128 0x1
 302 00ef 50       		.byte	0x50
 303 00f0 05       		.uleb128 0x5
 304 00f1 03       		.byte	0x3
 305 00f2 00000000 		.4byte	.LANCHOR1
 306 00f6 00       		.byte	0
 307 00f7 08       		.uleb128 0x8
 308 00f8 14000000 		.4byte	.LVL2
 309 00fc FB010000 		.4byte	0x1fb
 310 0100 00       		.byte	0
 311 0101 0B       		.uleb128 0xb
 312 0102 04       		.byte	0x4
 313 0103 81000000 		.4byte	0x81
 314 0107 06       		.uleb128 0x6
 315 0108 35000000 		.4byte	.LASF18
 316 010c 01       		.byte	0x1
 317 010d 56       		.byte	0x56
 318 010e 00000000 		.4byte	.LFB65
 319 0112 3C000000 		.4byte	.LFE65-.LFB65
 320 0116 01       		.uleb128 0x1
 321 0117 9C       		.byte	0x9c
 322 0118 76010000 		.4byte	0x176
 323 011c 0C       		.uleb128 0xc
 324 011d 00000000 		.4byte	.Ldebug_ranges0+0
 325 0121 6C010000 		.4byte	0x16c
 326 0125 0D       		.uleb128 0xd
 327 0126 6900     		.ascii	"i\000"
 328 0128 01       		.byte	0x1
 329 0129 5B       		.byte	0x5b
 330 012a 81000000 		.4byte	0x81
 331 012e 00000000 		.4byte	.LLST0
 332 0132 08       		.uleb128 0x8
 333 0133 12000000 		.4byte	.LVL5
 334 0137 06020000 		.4byte	0x206
 335 013b 09       		.uleb128 0x9
 336 013c 1A000000 		.4byte	.LVL6
 337 0140 11020000 		.4byte	0x211
 338 0144 50010000 		.4byte	0x150
 339 0148 0A       		.uleb128 0xa
 340 0149 01       		.uleb128 0x1
 341 014a 50       		.byte	0x50
 342 014b 03       		.uleb128 0x3
 343 014c 0A       		.byte	0xa
 344 014d 8813     		.2byte	0x1388
 345 014f 00       		.byte	0
 346 0150 08       		.uleb128 0x8
 347 0151 1E000000 		.4byte	.LVL7
 348 0155 1C020000 		.4byte	0x21c
 349 0159 08       		.uleb128 0x8
 350 015a 32000000 		.4byte	.LVL12
ARM GAS  C:\Users\Andreas\AppData\Local\Temp\ccPzs5KQ.s 			page 9


 351 015e FB010000 		.4byte	0x1fb
 352 0162 08       		.uleb128 0x8
 353 0163 36000000 		.4byte	.LVL13
 354 0167 27020000 		.4byte	0x227
 355 016b 00       		.byte	0
 356 016c 08       		.uleb128 0x8
 357 016d 06000000 		.4byte	.LVL3
 358 0171 32020000 		.4byte	0x232
 359 0175 00       		.byte	0
 360 0176 0E       		.uleb128 0xe
 361 0177 59010000 		.4byte	.LASF33
 362 017b 01       		.byte	0x1
 363 017c 38       		.byte	0x38
 364 017d 68000000 		.4byte	0x68
 365 0181 00000000 		.4byte	.LFB63
 366 0185 0E000000 		.4byte	.LFE63-.LFB63
 367 0189 01       		.uleb128 0x1
 368 018a 9C       		.byte	0x9c
 369 018b A2010000 		.4byte	0x1a2
 370 018f 08       		.uleb128 0x8
 371 0190 08000000 		.4byte	.LVL15
 372 0194 B0000000 		.4byte	0xb0
 373 0198 08       		.uleb128 0x8
 374 0199 0C000000 		.4byte	.LVL16
 375 019d 07010000 		.4byte	0x107
 376 01a1 00       		.byte	0
 377 01a2 0F       		.uleb128 0xf
 378 01a3 5E010000 		.4byte	.LASF19
 379 01a7 05       		.byte	0x5
 380 01a8 1207     		.2byte	0x712
 381 01aa AE010000 		.4byte	0x1ae
 382 01ae 10       		.uleb128 0x10
 383 01af 76000000 		.4byte	0x76
 384 01b3 11       		.uleb128 0x11
 385 01b4 52000000 		.4byte	.LASF20
 386 01b8 01       		.byte	0x1
 387 01b9 2D       		.byte	0x2d
 388 01ba 68000000 		.4byte	0x68
 389 01be 05       		.uleb128 0x5
 390 01bf 03       		.byte	0x3
 391 01c0 00000000 		.4byte	BUFFER_SIZE
 392 01c4 12       		.uleb128 0x12
 393 01c5 81000000 		.4byte	0x81
 394 01c9 D4010000 		.4byte	0x1d4
 395 01cd 13       		.uleb128 0x13
 396 01ce A9000000 		.4byte	0xa9
 397 01d2 05       		.byte	0x5
 398 01d3 00       		.byte	0
 399 01d4 11       		.uleb128 0x11
 400 01d5 6B020000 		.4byte	.LASF21
 401 01d9 01       		.byte	0x1
 402 01da 32       		.byte	0x32
 403 01db C4010000 		.4byte	0x1c4
 404 01df 05       		.uleb128 0x5
 405 01e0 03       		.byte	0x3
 406 01e1 00000000 		.4byte	buffer
 407 01e5 14       		.uleb128 0x14
ARM GAS  C:\Users\Andreas\AppData\Local\Temp\ccPzs5KQ.s 			page 10


 408 01e6 55020000 		.4byte	.LASF22
 409 01ea 55020000 		.4byte	.LASF22
 410 01ee 06       		.byte	0x6
 411 01ef 93       		.byte	0x93
 412 01f0 14       		.uleb128 0x14
 413 01f1 3A010000 		.4byte	.LASF23
 414 01f5 3A010000 		.4byte	.LASF23
 415 01f9 06       		.byte	0x6
 416 01fa C7       		.byte	0xc7
 417 01fb 14       		.uleb128 0x14
 418 01fc 12000000 		.4byte	.LASF24
 419 0200 12000000 		.4byte	.LASF24
 420 0204 06       		.byte	0x6
 421 0205 CC       		.byte	0xcc
 422 0206 14       		.uleb128 0x14
 423 0207 2E010000 		.4byte	.LASF25
 424 020b 2E010000 		.4byte	.LASF25
 425 020f 07       		.byte	0x7
 426 0210 92       		.byte	0x92
 427 0211 14       		.uleb128 0x14
 428 0212 A4020000 		.4byte	.LASF26
 429 0216 A4020000 		.4byte	.LASF26
 430 021a 08       		.byte	0x8
 431 021b 76       		.byte	0x76
 432 021c 14       		.uleb128 0x14
 433 021d 78020000 		.4byte	.LASF27
 434 0221 78020000 		.4byte	.LASF27
 435 0225 07       		.byte	0x7
 436 0226 93       		.byte	0x93
 437 0227 14       		.uleb128 0x14
 438 0228 5E000000 		.4byte	.LASF28
 439 022c 5E000000 		.4byte	.LASF28
 440 0230 06       		.byte	0x6
 441 0231 C0       		.byte	0xc0
 442 0232 14       		.uleb128 0x14
 443 0233 00000000 		.4byte	.LASF29
 444 0237 00000000 		.4byte	.LASF29
 445 023b 06       		.byte	0x6
 446 023c BE       		.byte	0xbe
 447 023d 00       		.byte	0
 448              		.section	.debug_abbrev,"",%progbits
 449              	.Ldebug_abbrev0:
 450 0000 01       		.uleb128 0x1
 451 0001 11       		.uleb128 0x11
 452 0002 01       		.byte	0x1
 453 0003 25       		.uleb128 0x25
 454 0004 0E       		.uleb128 0xe
 455 0005 13       		.uleb128 0x13
 456 0006 0B       		.uleb128 0xb
 457 0007 03       		.uleb128 0x3
 458 0008 0E       		.uleb128 0xe
 459 0009 1B       		.uleb128 0x1b
 460 000a 0E       		.uleb128 0xe
 461 000b 55       		.uleb128 0x55
 462 000c 17       		.uleb128 0x17
 463 000d 11       		.uleb128 0x11
 464 000e 01       		.uleb128 0x1
ARM GAS  C:\Users\Andreas\AppData\Local\Temp\ccPzs5KQ.s 			page 11


 465 000f 10       		.uleb128 0x10
 466 0010 17       		.uleb128 0x17
 467 0011 00       		.byte	0
 468 0012 00       		.byte	0
 469 0013 02       		.uleb128 0x2
 470 0014 24       		.uleb128 0x24
 471 0015 00       		.byte	0
 472 0016 0B       		.uleb128 0xb
 473 0017 0B       		.uleb128 0xb
 474 0018 3E       		.uleb128 0x3e
 475 0019 0B       		.uleb128 0xb
 476 001a 03       		.uleb128 0x3
 477 001b 0E       		.uleb128 0xe
 478 001c 00       		.byte	0
 479 001d 00       		.byte	0
 480 001e 03       		.uleb128 0x3
 481 001f 16       		.uleb128 0x16
 482 0020 00       		.byte	0
 483 0021 03       		.uleb128 0x3
 484 0022 0E       		.uleb128 0xe
 485 0023 3A       		.uleb128 0x3a
 486 0024 0B       		.uleb128 0xb
 487 0025 3B       		.uleb128 0x3b
 488 0026 0B       		.uleb128 0xb
 489 0027 49       		.uleb128 0x49
 490 0028 13       		.uleb128 0x13
 491 0029 00       		.byte	0
 492 002a 00       		.byte	0
 493 002b 04       		.uleb128 0x4
 494 002c 24       		.uleb128 0x24
 495 002d 00       		.byte	0
 496 002e 0B       		.uleb128 0xb
 497 002f 0B       		.uleb128 0xb
 498 0030 3E       		.uleb128 0x3e
 499 0031 0B       		.uleb128 0xb
 500 0032 03       		.uleb128 0x3
 501 0033 08       		.uleb128 0x8
 502 0034 00       		.byte	0
 503 0035 00       		.byte	0
 504 0036 05       		.uleb128 0x5
 505 0037 16       		.uleb128 0x16
 506 0038 00       		.byte	0
 507 0039 03       		.uleb128 0x3
 508 003a 0E       		.uleb128 0xe
 509 003b 3A       		.uleb128 0x3a
 510 003c 0B       		.uleb128 0xb
 511 003d 3B       		.uleb128 0x3b
 512 003e 05       		.uleb128 0x5
 513 003f 49       		.uleb128 0x49
 514 0040 13       		.uleb128 0x13
 515 0041 00       		.byte	0
 516 0042 00       		.byte	0
 517 0043 06       		.uleb128 0x6
 518 0044 2E       		.uleb128 0x2e
 519 0045 01       		.byte	0x1
 520 0046 3F       		.uleb128 0x3f
 521 0047 19       		.uleb128 0x19
ARM GAS  C:\Users\Andreas\AppData\Local\Temp\ccPzs5KQ.s 			page 12


 522 0048 03       		.uleb128 0x3
 523 0049 0E       		.uleb128 0xe
 524 004a 3A       		.uleb128 0x3a
 525 004b 0B       		.uleb128 0xb
 526 004c 3B       		.uleb128 0x3b
 527 004d 0B       		.uleb128 0xb
 528 004e 27       		.uleb128 0x27
 529 004f 19       		.uleb128 0x19
 530 0050 11       		.uleb128 0x11
 531 0051 01       		.uleb128 0x1
 532 0052 12       		.uleb128 0x12
 533 0053 06       		.uleb128 0x6
 534 0054 40       		.uleb128 0x40
 535 0055 18       		.uleb128 0x18
 536 0056 9742     		.uleb128 0x2117
 537 0058 19       		.uleb128 0x19
 538 0059 01       		.uleb128 0x1
 539 005a 13       		.uleb128 0x13
 540 005b 00       		.byte	0
 541 005c 00       		.byte	0
 542 005d 07       		.uleb128 0x7
 543 005e 34       		.uleb128 0x34
 544 005f 00       		.byte	0
 545 0060 03       		.uleb128 0x3
 546 0061 08       		.uleb128 0x8
 547 0062 3A       		.uleb128 0x3a
 548 0063 0B       		.uleb128 0xb
 549 0064 3B       		.uleb128 0x3b
 550 0065 0B       		.uleb128 0xb
 551 0066 49       		.uleb128 0x49
 552 0067 13       		.uleb128 0x13
 553 0068 02       		.uleb128 0x2
 554 0069 18       		.uleb128 0x18
 555 006a 00       		.byte	0
 556 006b 00       		.byte	0
 557 006c 08       		.uleb128 0x8
 558 006d 898201   		.uleb128 0x4109
 559 0070 00       		.byte	0
 560 0071 11       		.uleb128 0x11
 561 0072 01       		.uleb128 0x1
 562 0073 31       		.uleb128 0x31
 563 0074 13       		.uleb128 0x13
 564 0075 00       		.byte	0
 565 0076 00       		.byte	0
 566 0077 09       		.uleb128 0x9
 567 0078 898201   		.uleb128 0x4109
 568 007b 01       		.byte	0x1
 569 007c 11       		.uleb128 0x11
 570 007d 01       		.uleb128 0x1
 571 007e 31       		.uleb128 0x31
 572 007f 13       		.uleb128 0x13
 573 0080 01       		.uleb128 0x1
 574 0081 13       		.uleb128 0x13
 575 0082 00       		.byte	0
 576 0083 00       		.byte	0
 577 0084 0A       		.uleb128 0xa
 578 0085 8A8201   		.uleb128 0x410a
ARM GAS  C:\Users\Andreas\AppData\Local\Temp\ccPzs5KQ.s 			page 13


 579 0088 00       		.byte	0
 580 0089 02       		.uleb128 0x2
 581 008a 18       		.uleb128 0x18
 582 008b 9142     		.uleb128 0x2111
 583 008d 18       		.uleb128 0x18
 584 008e 00       		.byte	0
 585 008f 00       		.byte	0
 586 0090 0B       		.uleb128 0xb
 587 0091 0F       		.uleb128 0xf
 588 0092 00       		.byte	0
 589 0093 0B       		.uleb128 0xb
 590 0094 0B       		.uleb128 0xb
 591 0095 49       		.uleb128 0x49
 592 0096 13       		.uleb128 0x13
 593 0097 00       		.byte	0
 594 0098 00       		.byte	0
 595 0099 0C       		.uleb128 0xc
 596 009a 0B       		.uleb128 0xb
 597 009b 01       		.byte	0x1
 598 009c 55       		.uleb128 0x55
 599 009d 17       		.uleb128 0x17
 600 009e 01       		.uleb128 0x1
 601 009f 13       		.uleb128 0x13
 602 00a0 00       		.byte	0
 603 00a1 00       		.byte	0
 604 00a2 0D       		.uleb128 0xd
 605 00a3 34       		.uleb128 0x34
 606 00a4 00       		.byte	0
 607 00a5 03       		.uleb128 0x3
 608 00a6 08       		.uleb128 0x8
 609 00a7 3A       		.uleb128 0x3a
 610 00a8 0B       		.uleb128 0xb
 611 00a9 3B       		.uleb128 0x3b
 612 00aa 0B       		.uleb128 0xb
 613 00ab 49       		.uleb128 0x49
 614 00ac 13       		.uleb128 0x13
 615 00ad 02       		.uleb128 0x2
 616 00ae 17       		.uleb128 0x17
 617 00af 00       		.byte	0
 618 00b0 00       		.byte	0
 619 00b1 0E       		.uleb128 0xe
 620 00b2 2E       		.uleb128 0x2e
 621 00b3 01       		.byte	0x1
 622 00b4 3F       		.uleb128 0x3f
 623 00b5 19       		.uleb128 0x19
 624 00b6 03       		.uleb128 0x3
 625 00b7 0E       		.uleb128 0xe
 626 00b8 3A       		.uleb128 0x3a
 627 00b9 0B       		.uleb128 0xb
 628 00ba 3B       		.uleb128 0x3b
 629 00bb 0B       		.uleb128 0xb
 630 00bc 27       		.uleb128 0x27
 631 00bd 19       		.uleb128 0x19
 632 00be 49       		.uleb128 0x49
 633 00bf 13       		.uleb128 0x13
 634 00c0 8701     		.uleb128 0x87
 635 00c2 19       		.uleb128 0x19
ARM GAS  C:\Users\Andreas\AppData\Local\Temp\ccPzs5KQ.s 			page 14


 636 00c3 11       		.uleb128 0x11
 637 00c4 01       		.uleb128 0x1
 638 00c5 12       		.uleb128 0x12
 639 00c6 06       		.uleb128 0x6
 640 00c7 40       		.uleb128 0x40
 641 00c8 18       		.uleb128 0x18
 642 00c9 9742     		.uleb128 0x2117
 643 00cb 19       		.uleb128 0x19
 644 00cc 01       		.uleb128 0x1
 645 00cd 13       		.uleb128 0x13
 646 00ce 00       		.byte	0
 647 00cf 00       		.byte	0
 648 00d0 0F       		.uleb128 0xf
 649 00d1 34       		.uleb128 0x34
 650 00d2 00       		.byte	0
 651 00d3 03       		.uleb128 0x3
 652 00d4 0E       		.uleb128 0xe
 653 00d5 3A       		.uleb128 0x3a
 654 00d6 0B       		.uleb128 0xb
 655 00d7 3B       		.uleb128 0x3b
 656 00d8 05       		.uleb128 0x5
 657 00d9 49       		.uleb128 0x49
 658 00da 13       		.uleb128 0x13
 659 00db 3F       		.uleb128 0x3f
 660 00dc 19       		.uleb128 0x19
 661 00dd 3C       		.uleb128 0x3c
 662 00de 19       		.uleb128 0x19
 663 00df 00       		.byte	0
 664 00e0 00       		.byte	0
 665 00e1 10       		.uleb128 0x10
 666 00e2 35       		.uleb128 0x35
 667 00e3 00       		.byte	0
 668 00e4 49       		.uleb128 0x49
 669 00e5 13       		.uleb128 0x13
 670 00e6 00       		.byte	0
 671 00e7 00       		.byte	0
 672 00e8 11       		.uleb128 0x11
 673 00e9 34       		.uleb128 0x34
 674 00ea 00       		.byte	0
 675 00eb 03       		.uleb128 0x3
 676 00ec 0E       		.uleb128 0xe
 677 00ed 3A       		.uleb128 0x3a
 678 00ee 0B       		.uleb128 0xb
 679 00ef 3B       		.uleb128 0x3b
 680 00f0 0B       		.uleb128 0xb
 681 00f1 49       		.uleb128 0x49
 682 00f2 13       		.uleb128 0x13
 683 00f3 3F       		.uleb128 0x3f
 684 00f4 19       		.uleb128 0x19
 685 00f5 02       		.uleb128 0x2
 686 00f6 18       		.uleb128 0x18
 687 00f7 00       		.byte	0
 688 00f8 00       		.byte	0
 689 00f9 12       		.uleb128 0x12
 690 00fa 01       		.uleb128 0x1
 691 00fb 01       		.byte	0x1
 692 00fc 49       		.uleb128 0x49
ARM GAS  C:\Users\Andreas\AppData\Local\Temp\ccPzs5KQ.s 			page 15


 693 00fd 13       		.uleb128 0x13
 694 00fe 01       		.uleb128 0x1
 695 00ff 13       		.uleb128 0x13
 696 0100 00       		.byte	0
 697 0101 00       		.byte	0
 698 0102 13       		.uleb128 0x13
 699 0103 21       		.uleb128 0x21
 700 0104 00       		.byte	0
 701 0105 49       		.uleb128 0x49
 702 0106 13       		.uleb128 0x13
 703 0107 2F       		.uleb128 0x2f
 704 0108 0B       		.uleb128 0xb
 705 0109 00       		.byte	0
 706 010a 00       		.byte	0
 707 010b 14       		.uleb128 0x14
 708 010c 2E       		.uleb128 0x2e
 709 010d 00       		.byte	0
 710 010e 3F       		.uleb128 0x3f
 711 010f 19       		.uleb128 0x19
 712 0110 3C       		.uleb128 0x3c
 713 0111 19       		.uleb128 0x19
 714 0112 6E       		.uleb128 0x6e
 715 0113 0E       		.uleb128 0xe
 716 0114 03       		.uleb128 0x3
 717 0115 0E       		.uleb128 0xe
 718 0116 3A       		.uleb128 0x3a
 719 0117 0B       		.uleb128 0xb
 720 0118 3B       		.uleb128 0x3b
 721 0119 0B       		.uleb128 0xb
 722 011a 00       		.byte	0
 723 011b 00       		.byte	0
 724 011c 00       		.byte	0
 725              		.section	.debug_loc,"",%progbits
 726              	.Ldebug_loc0:
 727              	.LLST0:
 728 0000 0E000000 		.4byte	.LVL4
 729 0004 20000000 		.4byte	.LVL8
 730 0008 0100     		.2byte	0x1
 731 000a 54       		.byte	0x54
 732 000b 22000000 		.4byte	.LVL9
 733 000f 24000000 		.4byte	.LVL10
 734 0013 0100     		.2byte	0x1
 735 0015 54       		.byte	0x54
 736 0016 26000000 		.4byte	.LVL11
 737 001a 38000000 		.4byte	.LVL14
 738 001e 0100     		.2byte	0x1
 739 0020 54       		.byte	0x54
 740 0021 00000000 		.4byte	0
 741 0025 00000000 		.4byte	0
 742              		.section	.debug_aranges,"",%progbits
 743 0000 2C000000 		.4byte	0x2c
 744 0004 0200     		.2byte	0x2
 745 0006 00000000 		.4byte	.Ldebug_info0
 746 000a 04       		.byte	0x4
 747 000b 00       		.byte	0
 748 000c 0000     		.2byte	0
 749 000e 0000     		.2byte	0
ARM GAS  C:\Users\Andreas\AppData\Local\Temp\ccPzs5KQ.s 			page 16


 750 0010 00000000 		.4byte	.LFB64
 751 0014 20000000 		.4byte	.LFE64-.LFB64
 752 0018 00000000 		.4byte	.LFB65
 753 001c 3C000000 		.4byte	.LFE65-.LFB65
 754 0020 00000000 		.4byte	.LFB63
 755 0024 0E000000 		.4byte	.LFE63-.LFB63
 756 0028 00000000 		.4byte	0
 757 002c 00000000 		.4byte	0
 758              		.section	.debug_ranges,"",%progbits
 759              	.Ldebug_ranges0:
 760 0000 0E000000 		.4byte	.LBB2
 761 0004 24000000 		.4byte	.LBE2
 762 0008 26000000 		.4byte	.LBB3
 763 000c 3C000000 		.4byte	.LBE3
 764 0010 00000000 		.4byte	0
 765 0014 00000000 		.4byte	0
 766 0018 00000000 		.4byte	.LFB64
 767 001c 20000000 		.4byte	.LFE64
 768 0020 00000000 		.4byte	.LFB65
 769 0024 3C000000 		.4byte	.LFE65
 770 0028 00000000 		.4byte	.LFB63
 771 002c 0E000000 		.4byte	.LFE63
 772 0030 00000000 		.4byte	0
 773 0034 00000000 		.4byte	0
 774              		.section	.debug_line,"",%progbits
 775              	.Ldebug_line0:
 776 0000 CA010000 		.section	.debug_str,"MS",%progbits,1
 776      02006D01 
 776      00000201 
 776      FB0E0D00 
 776      01010101 
 777              	.LASF29:
 778 0000 4932435F 		.ascii	"I2C_1_SlaveStatus\000"
 778      315F536C 
 778      61766553 
 778      74617475 
 778      7300
 779              	.LASF24:
 780 0012 4932435F 		.ascii	"I2C_1_SlaveClearWriteBuf\000"
 780      315F536C 
 780      61766543 
 780      6C656172 
 780      57726974 
 781              	.LASF9:
 782 002b 5F5F696E 		.ascii	"__int32_t\000"
 782      7433325F 
 782      7400
 783              	.LASF18:
 784 0035 75647275 		.ascii	"udrulning\000"
 784      6C6E696E 
 784      6700
 785              	.LASF3:
 786 003f 73686F72 		.ascii	"short unsigned int\000"
 786      7420756E 
 786      7369676E 
 786      65642069 
 786      6E7400
ARM GAS  C:\Users\Andreas\AppData\Local\Temp\ccPzs5KQ.s 			page 17


 787              	.LASF20:
 788 0052 42554646 		.ascii	"BUFFER_SIZE\000"
 788      45525F53 
 788      495A4500 
 789              	.LASF28:
 790 005e 4932435F 		.ascii	"I2C_1_SlaveClearWriteStatus\000"
 790      315F536C 
 790      61766543 
 790      6C656172 
 790      57726974 
 791              	.LASF12:
 792 007a 666C6F61 		.ascii	"float\000"
 792      7400
 793              	.LASF1:
 794 0080 756E7369 		.ascii	"unsigned char\000"
 794      676E6564 
 794      20636861 
 794      7200
 795              	.LASF30:
 796 008e 474E5520 		.ascii	"GNU C11 5.4.1 20160609 (release) [ARM/embedded-5-br"
 796      43313120 
 796      352E342E 
 796      31203230 
 796      31363036 
 797 00c1 616E6368 		.ascii	"anch revision 237715] -mcpu=cortex-m3 -mthumb -g -O"
 797      20726576 
 797      6973696F 
 797      6E203233 
 797      37373135 
 798 00f4 67202D66 		.ascii	"g -ffunction-sections -ffat-lto-objects\000"
 798      66756E63 
 798      74696F6E 
 798      2D736563 
 798      74696F6E 
 799              	.LASF5:
 800 011c 6C6F6E67 		.ascii	"long unsigned int\000"
 800      20756E73 
 800      69676E65 
 800      6420696E 
 800      7400
 801              	.LASF25:
 802 012e 50574D5F 		.ascii	"PWM_1_Start\000"
 802      315F5374 
 802      61727400 
 803              	.LASF23:
 804 013a 4932435F 		.ascii	"I2C_1_SlaveInitWriteBuf\000"
 804      315F536C 
 804      61766549 
 804      6E697457 
 804      72697465 
 805              	.LASF13:
 806 0152 646F7562 		.ascii	"double\000"
 806      6C6500
 807              	.LASF33:
 808 0159 6D61696E 		.ascii	"main\000"
 808      00
 809              	.LASF19:
ARM GAS  C:\Users\Andreas\AppData\Local\Temp\ccPzs5KQ.s 			page 18


 810 015e 49544D5F 		.ascii	"ITM_RxBuffer\000"
 810      52784275 
 810      66666572 
 810      00
 811              	.LASF8:
 812 016b 756E7369 		.ascii	"unsigned int\000"
 812      676E6564 
 812      20696E74 
 812      00
 813              	.LASF7:
 814 0178 6C6F6E67 		.ascii	"long long unsigned int\000"
 814      206C6F6E 
 814      6720756E 
 814      7369676E 
 814      65642069 
 815              	.LASF17:
 816 018f 696E6974 		.ascii	"initI2C\000"
 816      49324300 
 817              	.LASF10:
 818 0197 696E7433 		.ascii	"int32_t\000"
 818      325F7400 
 819              	.LASF16:
 820 019f 73697A65 		.ascii	"sizetype\000"
 820      74797065 
 820      00
 821              	.LASF6:
 822 01a8 6C6F6E67 		.ascii	"long long int\000"
 822      206C6F6E 
 822      6720696E 
 822      7400
 823              	.LASF31:
 824 01b6 6D61696E 		.ascii	"main.c\000"
 824      2E6300
 825              	.LASF14:
 826 01bd 63686172 		.ascii	"char\000"
 826      00
 827              	.LASF32:
 828 01c2 433A5C55 		.ascii	"C:\\Users\\Andreas\\Documents\\PSoC Creator\\I2C_Sl"
 828      73657273 
 828      5C416E64 
 828      72656173 
 828      5C446F63 
 829 01f0 6176655F 		.ascii	"ave_Snor_Funktioner_3.0\\I2C_Slave_Snor.cywrk.Archi"
 829      536E6F72 
 829      5F46756E 
 829      6B74696F 
 829      6E65725F 
 830 0222 76653031 		.ascii	"ve01\\I2C_Slave_Snor_Funktioner_1.0\\I2C_Slave.cyds"
 830      5C493243 
 830      5F536C61 
 830      76655F53 
 830      6E6F725F 
 831 0253 6E00     		.ascii	"n\000"
 832              	.LASF22:
 833 0255 4932435F 		.ascii	"I2C_1_Start\000"
 833      315F5374 
 833      61727400 
ARM GAS  C:\Users\Andreas\AppData\Local\Temp\ccPzs5KQ.s 			page 19


 834              	.LASF2:
 835 0261 73686F72 		.ascii	"short int\000"
 835      7420696E 
 835      7400
 836              	.LASF21:
 837 026b 62756666 		.ascii	"buffer\000"
 837      657200
 838              	.LASF11:
 839 0272 75696E74 		.ascii	"uint8\000"
 839      3800
 840              	.LASF27:
 841 0278 50574D5F 		.ascii	"PWM_1_Stop\000"
 841      315F5374 
 841      6F7000
 842              	.LASF4:
 843 0283 6C6F6E67 		.ascii	"long int\000"
 843      20696E74 
 843      00
 844              	.LASF15:
 845 028c 6C6F6E67 		.ascii	"long double\000"
 845      20646F75 
 845      626C6500 
 846              	.LASF0:
 847 0298 7369676E 		.ascii	"signed char\000"
 847      65642063 
 847      68617200 
 848              	.LASF26:
 849 02a4 43794465 		.ascii	"CyDelay\000"
 849      6C617900 
 850              		.ident	"GCC: (GNU Tools for ARM Embedded Processors) 5.4.1 20160609 (release) [ARM/embedded-5-bran
